0 info it worked if it ends with ok
1 verbose cli [ 'C:\\Program Files\\nodejs\\node.exe',
1 verbose cli   'C:\\Users\\Home\\AppData\\Roaming\\npm\\node_modules\\npm\\bin\\npm-cli.js',
1 verbose cli   'run',
1 verbose cli   'fix' ]
2 info using npm@3.10.8
3 info using node@v6.9.2
4 verbose run-script [ 'prefix', 'fix', 'postfix' ]
5 info lifecycle express-mathbook@0.0.0~prefix: express-mathbook@0.0.0
6 silly lifecycle express-mathbook@0.0.0~prefix: no script for prefix, continuing
7 info lifecycle express-mathbook@0.0.0~fix: express-mathbook@0.0.0
8 verbose lifecycle express-mathbook@0.0.0~fix: unsafe-perm in lifecycle true
9 verbose lifecycle express-mathbook@0.0.0~fix: PATH: C:\Users\Home\AppData\Roaming\npm\node_modules\npm\bin\node-gyp-bin;C:\Users\Home\Documents\GitHub\express-mathbook\node_modules\.bin;C:\ProgramData\Oracle\Java\javapath;C:\Program Files (x86)\NVIDIA Corporation\PhysX\Common;C:\Program Files (x86)\HP SimplePass\;C:\Program Files (x86)\Intel\iCLS Client\;C:\Program Files\Intel\iCLS Client\;C:\Program Files\Common Files\Microsoft Shared\Windows Live;C:\Program Files (x86)\Common Files\Microsoft Shared\Windows Live;C:\Windows\system32;C:\Windows;C:\Windows\System32\Wbem;C:\Windows\System32\WindowsPowerShell\v1.0\;C:\Program Files (x86)\Windows Live\Shared;C:\Program Files\Intel\Intel(R) Management Engine Components\DAL;C:\Program Files\Intel\Intel(R) Management Engine Components\IPT;C:\Program Files (x86)\Intel\Intel(R) Management Engine Components\DAL;C:\Program Files (x86)\Intel\Intel(R) Management Engine Components\IPT;C:\Program Files\Intel\WiFi\bin\;C:\Program Files\Common Files\Intel\WirelessCommon\;C:\Program Files (x86)\QuickTime\QTSystem\;C:\xampp\php;c:\Program Files (x86)\Microsoft SQL Server\100\Tools\Binn\;c:\Program Files (x86)\Microsoft SQL Server\100\DTS\Binn\;C:\Program Files\Microsoft SQL Server\110\Tools\Binn\;C:\Program Files\MiKTeX 2.9\miktex\bin\x64\;C:\Program Files (x86)\GTK2-Runtime\bin;C:\Program Files (x86)\Brackets\command;C:\Program Files (x86)\Skype\Phone\;C:\Users\Home\AppData\Local\Programs\Python\Python36\Scripts\;C:\Users\Home\AppData\Local\Programs\Python\Python36\;C:\Users\Home\AppData\Roaming\npm;C:\Ruby22-x64\bin;C:\Program Files (x86)\Intel\OpenCL SDK\2.0\bin\x86;C:\Program Files (x86)\Intel\OpenCL SDK\2.0\bin\x64;C:\Users\Home\.dnx\bin;C:\Program Files\Microsoft DNX\Dnvm\;C:\Program Files\Microsoft SQL Server\130\Tools\Binn\;C:\Program Files\Microsoft\Web Platform Installer\;C:\Program Files\Git\cmd;C:\Go\bin;C:\Go\bin\bin;C:\Program Files\Redis\;C:\Users\Home\AppData\Roaming\npm;C:\Program Files\nodejs\;C:\Program Files (x86)\scala\bin;C:\HashiCorp\Packer\bin;C:\HashiCorp\Vagrant\bin;C:\Users\Home\AppData\Local\Programs\Python\Python36\Scripts\;C:\Users\Home\AppData\Local\Programs\Python\Python36\;C:\Ruby23-x64\bin;C:\Program Files\Haskell\bin;C:\Program Files\Haskell Platform\2014.2.0.0\lib\extralibs\bin;C:\Program Files\Haskell Platform\2014.2.0.0\bin;C:\Program Files (x86)\NVIDIA Corporation\PhysX\Common;C:\Program Files (x86)\HP SimplePass\;C:\Program Files (x86)\Intel\iCLS Client\;C:\Program Files\Intel\iCLS Client\;C:\Program Files\Common Files\Microsoft Shared\Windows Live;C:\Program Files (x86)\Common Files\Microsoft Shared\Windows Live;C:\Windows\system32;C:\Windows;C:\Windows\System32\Wbem;C:\Windows\System32\WindowsPowerShell\v1.0\;C:\Program Files (x86)\Windows Live\Shared;C:\Program Files\Intel\Intel(R) Management Engine Components\DAL;C:\Program Files\Intel\Intel(R) Management Engine Components\IPT;C:\Program Files (x86)\Intel\Intel(R) Management Engine Components\DAL;C:\Program Files (x86)\Intel\Intel(R) Management Engine Components\IPT;C:\Program Files (x86)\Intel\OpenCL SDK\2.0\bin\x86;C:\Program Files (x86)\Intel\OpenCL SDK\2.0\bin\x64;C:\Program Files\Intel\WiFi\bin\;C:\Program Files\Common Files\Inte;C:\Ruby22-x64;;C:\Program Files (x86)\Microsoft VS Code\bin;C:\Go\bin;C:\Go\bin\bin;C:\Users\Home\AppData\Roaming\npm;C:\Program Files\Docker Toolbox
10 verbose lifecycle express-mathbook@0.0.0~fix: CWD: C:\Users\Home\Documents\GitHub\express-mathbook
11 silly lifecycle express-mathbook@0.0.0~fix: Args: [ '/d /s /c', 'standard --fix' ]
12 silly lifecycle express-mathbook@0.0.0~fix: Returned: code: 1  signal: null
13 info lifecycle express-mathbook@0.0.0~fix: Failed to exec fix script
14 verbose stack Error: express-mathbook@0.0.0 fix: `standard --fix`
14 verbose stack Exit status 1
14 verbose stack     at EventEmitter.<anonymous> (C:\Users\Home\AppData\Roaming\npm\node_modules\npm\lib\utils\lifecycle.js:255:16)
14 verbose stack     at emitTwo (events.js:106:13)
14 verbose stack     at EventEmitter.emit (events.js:191:7)
14 verbose stack     at ChildProcess.<anonymous> (C:\Users\Home\AppData\Roaming\npm\node_modules\npm\lib\utils\spawn.js:40:14)
14 verbose stack     at emitTwo (events.js:106:13)
14 verbose stack     at ChildProcess.emit (events.js:191:7)
14 verbose stack     at maybeClose (internal/child_process.js:877:16)
14 verbose stack     at Process.ChildProcess._handle.onexit (internal/child_process.js:226:5)
15 verbose pkgid express-mathbook@0.0.0
16 verbose cwd C:\Users\Home\Documents\GitHub\express-mathbook
17 error Windows_NT 6.1.7601
18 error argv "C:\\Program Files\\nodejs\\node.exe" "C:\\Users\\Home\\AppData\\Roaming\\npm\\node_modules\\npm\\bin\\npm-cli.js" "run" "fix"
19 error node v6.9.2
20 error npm  v3.10.8
21 error code ELIFECYCLE
22 error express-mathbook@0.0.0 fix: `standard --fix`
22 error Exit status 1
23 error Failed at the express-mathbook@0.0.0 fix script 'standard --fix'.
23 error Make sure you have the latest version of node.js and npm installed.
23 error If you do, this is most likely a problem with the express-mathbook package,
23 error not with npm itself.
23 error Tell the author that this fails on your system:
23 error     standard --fix
23 error You can get information on how to open an issue for this project with:
23 error     npm bugs express-mathbook
23 error Or if that isn't available, you can get their info via:
23 error     npm owner ls express-mathbook
23 error There is likely additional logging output above.
24 verbose exit [ 1, true ]
